Copyright 1986-2022 Xilinx, Inc. All Rights Reserved.
----------------------------------------------------------------------------------------------------------------------------------------------
| Tool Version     : Vivado v.2022.2 (win64) Build 3671981 Fri Oct 14 05:00:03 MDT 2022
| Date             : Wed Apr 19 14:02:11 2023
| Host             : yusux running 64-bit major release  (build 9200)
| Command          : report_power -file platform_power_routed.rpt -pb platform_power_summary_routed.pb -rpx platform_power_routed.rpx
| Design           : platform
| Device           : xc7k160tfbg676-2L
| Design State     : routed
| Grade            : extended
| Process          : typical
| Characterization : Production
----------------------------------------------------------------------------------------------------------------------------------------------

Power Report

Table of Contents
-----------------
1. Summary
1.1 On-Chip Components
1.2 Power Supply Summary
1.3 Confidence Level
2. Settings
2.1 Environment
2.2 Clock Constraints
3. Detailed Reports
3.1 By Hierarchy

1. Summary
----------

+--------------------------+--------------+
| Total On-Chip Power (W)  | 39.683       |
| Design Power Budget (W)  | Unspecified* |
| Power Budget Margin (W)  | NA           |
| Dynamic (W)              | 38.727       |
| Device Static (W)        | 0.956        |
| Effective TJA (C/W)      | 1.9          |
| Max Ambient (C)          | 25.6         |
| Junction Temperature (C) | 99.4         |
| Confidence Level         | Low          |
| Setting File             | ---          |
| Simulation Activity File | ---          |
| Design Nets Matched      | NA           |
+--------------------------+--------------+
* Specify Design Power Budget using, set_operating_conditions -design_power_budget <value in Watts>


1.1 On-Chip Components
----------------------

+--------------------------+-----------+----------+-----------+-----------------+
| On-Chip                  | Power (W) | Used     | Available | Utilization (%) |
+--------------------------+-----------+----------+-----------+-----------------+
| Slice Logic              |     7.526 |     6240 |       --- |             --- |
|   LUT as Logic           |     6.843 |     3011 |    101400 |            2.97 |
|   CARRY4                 |     0.412 |      105 |     25350 |            0.41 |
|   Register               |     0.120 |     1575 |    202800 |            0.78 |
|   F7/F8 Muxes            |     0.093 |      752 |    101400 |            0.74 |
|   BUFG                   |     0.035 |        5 |        32 |           15.63 |
|   LUT as Distributed RAM |     0.024 |      636 |     35000 |            1.82 |
|   Others                 |     0.000 |       34 |       --- |             --- |
| Signals                  |    16.429 |     4342 |       --- |             --- |
| Block RAM                |     0.130 |        1 |       325 |            0.31 |
| I/O                      |    14.643 |       49 |       400 |           12.25 |
| Static Power             |     0.956 |          |           |                 |
| Total                    |    39.683 |          |           |                 |
+--------------------------+-----------+----------+-----------+-----------------+


1.2 Power Supply Summary
------------------------

+-----------+-------------+-----------+-------------+------------+-------------+-------------+------------+
| Source    | Voltage (V) | Total (A) | Dynamic (A) | Static (A) | Powerup (A) | Budget (A)  | Margin (A) |
+-----------+-------------+-----------+-------------+------------+-------------+-------------+------------+
| Vccint    |       1.000 |    24.950 |      24.163 |      0.787 |       NA    | Unspecified | NA         |
| Vccaux    |       1.800 |     0.642 |       0.585 |      0.056 |       NA    | Unspecified | NA         |
| Vcco33    |       3.300 |     3.771 |       3.770 |      0.001 |       NA    | Unspecified | NA         |
| Vcco25    |       2.500 |     0.000 |       0.000 |      0.000 |       NA    | Unspecified | NA         |
| Vcco18    |       1.800 |     0.573 |       0.572 |      0.001 |       NA    | Unspecified | NA         |
| Vcco15    |       1.500 |     0.020 |       0.019 |      0.001 |       NA    | Unspecified | NA         |
| Vcco135   |       1.350 |     0.000 |       0.000 |      0.000 |       NA    | Unspecified | NA         |
| Vcco12    |       1.200 |     0.000 |       0.000 |      0.000 |       NA    | Unspecified | NA         |
| Vccaux_io |       1.800 |     0.000 |       0.000 |      0.000 |       NA    | Unspecified | NA         |
| Vccbram   |       1.000 |     0.035 |       0.010 |      0.025 |       NA    | Unspecified | NA         |
| MGTAVcc   |       1.000 |     0.000 |       0.000 |      0.000 |       NA    | Unspecified | NA         |
| MGTAVtt   |       1.200 |     0.000 |       0.000 |      0.000 |       NA    | Unspecified | NA         |
| MGTVccaux |       1.800 |     0.000 |       0.000 |      0.000 |       NA    | Unspecified | NA         |
| Vccadc    |       1.800 |     0.020 |       0.000 |      0.020 |       NA    | Unspecified | NA         |
+-----------+-------------+-----------+-------------+------------+-------------+-------------+------------+


1.3 Confidence Level
--------------------

+-----------------------------+------------+--------------------------------------------------------+--------------------------------------------------------------------------------------------------------------------+
| User Input Data             | Confidence | Details                                                | Action                                                                                                             |
+-----------------------------+------------+--------------------------------------------------------+--------------------------------------------------------------------------------------------------------------------+
| Design implementation state | High       | Design is routed                                       |                                                                                                                    |
| Clock nodes activity        | Low        | User specified less than 75% of clocks                 | Provide missing clock activity with a constraint file, simulation results or by editing the "By Clock Domain" view |
| I/O nodes activity          | Low        | More than 75% of inputs are missing user specification | Provide missing input activity with simulation results or by editing the "By Resource Type -> I/Os" view           |
| Internal nodes activity     | Medium     | User specified less than 25% of internal nodes         | Provide missing internal nodes activity with simulation results or by editing the "By Resource Type" views         |
| Device models               | High       | Device models are Production                           |                                                                                                                    |
|                             |            |                                                        |                                                                                                                    |
| Overall confidence level    | Low        |                                                        |                                                                                                                    |
+-----------------------------+------------+--------------------------------------------------------+--------------------------------------------------------------------------------------------------------------------+


2. Settings
-----------

2.1 Environment
---------------

+-----------------------+--------------------------+
| Ambient Temp (C)      | 25.0                     |
| ThetaJA (C/W)         | 1.9                      |
| Airflow (LFM)         | 250                      |
| Heat Sink             | medium (Medium Profile)  |
| ThetaSA (C/W)         | 3.4                      |
| Board Selection       | medium (10"x10")         |
| # of Board Layers     | 12to15 (12 to 15 Layers) |
| Board Temperature (C) | 25.0                     |
+-----------------------+--------------------------+


2.2 Clock Constraints
---------------------

+-------+--------+-----------------+
| Clock | Domain | Constraint (ns) |
+-------+--------+-----------------+


3. Detailed Reports
-------------------

3.1 By Hierarchy
----------------

+-----------------------------------+-----------+
| Name                              | Power (W) |
+-----------------------------------+-----------+
| platform                          |    38.727 |
|   U1                              |     6.981 |
|     U1                            |     0.065 |
|     U2                            |     6.916 |
|       ALU_U                       |     0.169 |
|       PC                          |     0.708 |
|       Regs_U                      |     5.789 |
|       add32_0                     |     0.077 |
|       add32_1                     |     0.173 |
|   U10                             |     1.687 |
|   U11                             |    10.401 |
|     inst__0                       |    10.401 |
|       vga_controller              |     1.825 |
|       vga_debugger                |     8.234 |
|       vga_display                 |     0.342 |
|   U2                              |     0.507 |
|     U0                            |     0.507 |
|       synth_options.dist_mem_inst |     0.507 |
|   U3                              |     0.548 |
|     RAM_B                         |     0.548 |
|       U0                          |     0.548 |
|   U4                              |     0.853 |
|   U5                              |     0.738 |
|   U6                              |     1.528 |
|     M2                            |     0.566 |
|     SM1                           |     0.961 |
|       HTS0                        |     0.113 |
|       HTS1                        |     0.119 |
|       HTS2                        |     0.125 |
|       HTS3                        |     0.120 |
|       HTS4                        |     0.113 |
|       HTS5                        |     0.125 |
|       HTS6                        |     0.126 |
|       HTS7                        |     0.120 |
|   U7                              |     0.137 |
|     LED_P2S                       |     0.137 |
|   U8                              |     0.367 |
|   U9                              |     0.112 |
+-----------------------------------+-----------+


