Copyright 1986-2022 Xilinx, Inc. All Rights Reserved.
----------------------------------------------------------------------------------------------------------------------------------------------
| Tool Version     : Vivado v.2022.2 (win64) Build 3671981 Fri Oct 14 05:00:03 MDT 2022
| Date             : Wed Apr 19 21:16:11 2023
| Host             : yusux running 64-bit major release  (build 9200)
| Command          : report_power -file platform_power_routed.rpt -pb platform_power_summary_routed.pb -rpx platform_power_routed.rpx
| Design           : platform
| Device           : xc7k160tffg676-2L
| Design State     : routed
| Grade            : extended
| Process          : typical
| Characterization : Production
----------------------------------------------------------------------------------------------------------------------------------------------

Power Report

Table of Contents
-----------------
1. Summary
1.1 On-Chip Components
1.2 Power Supply Summary
1.3 Confidence Level
2. Settings
2.1 Environment
2.2 Clock Constraints
3. Detailed Reports
3.1 By Hierarchy

1. Summary
----------

+--------------------------+--------------+
| Total On-Chip Power (W)  | 37.796       |
| Design Power Budget (W)  | Unspecified* |
| Power Budget Margin (W)  | NA           |
| Dynamic (W)              | 36.889       |
| Device Static (W)        | 0.907        |
| Effective TJA (C/W)      | 1.9          |
| Max Ambient (C)          | 27.2         |
| Junction Temperature (C) | 97.8         |
| Confidence Level         | Low          |
| Setting File             | ---          |
| Simulation Activity File | ---          |
| Design Nets Matched      | NA           |
+--------------------------+--------------+
* Specify Design Power Budget using, set_operating_conditions -design_power_budget <value in Watts>


1.1 On-Chip Components
----------------------

+--------------------------+-----------+----------+-----------+-----------------+
| On-Chip                  | Power (W) | Used     | Available | Utilization (%) |
+--------------------------+-----------+----------+-----------+-----------------+
| Slice Logic              |     9.110 |     7125 |       --- |             --- |
|   LUT as Logic           |     8.556 |     3772 |    101400 |            3.72 |
|   CARRY4                 |     0.295 |      101 |     25350 |            0.40 |
|   Register               |     0.107 |     1586 |    202800 |            0.78 |
|   F7/F8 Muxes            |     0.078 |      823 |    101400 |            0.81 |
|   BUFG                   |     0.039 |        5 |        32 |           15.63 |
|   LUT as Distributed RAM |     0.036 |      636 |     35000 |            1.82 |
|   Others                 |     0.000 |       29 |       --- |             --- |
| Signals                  |    15.689 |     5083 |       --- |             --- |
| Block RAM                |     0.129 |        1 |       325 |            0.31 |
| I/O                      |    11.961 |       49 |       400 |           12.25 |
| Static Power             |     0.907 |          |           |                 |
| Total                    |    37.796 |          |           |                 |
+--------------------------+-----------+----------+-----------+-----------------+


1.2 Power Supply Summary
------------------------

+-----------+-------------+-----------+-------------+------------+-------------+-------------+------------+
| Source    | Voltage (V) | Total (A) | Dynamic (A) | Static (A) | Powerup (A) | Budget (A)  | Margin (A) |
+-----------+-------------+-----------+-------------+------------+-------------+-------------+------------+
| Vccint    |       1.000 |    25.750 |      25.006 |      0.744 |       NA    | Unspecified | NA         |
| Vccaux    |       1.800 |     0.541 |       0.487 |      0.054 |       NA    | Unspecified | NA         |
| Vcco33    |       3.300 |     3.012 |       3.011 |      0.001 |       NA    | Unspecified | NA         |
| Vcco25    |       2.500 |     0.000 |       0.000 |      0.000 |       NA    | Unspecified | NA         |
| Vcco18    |       1.800 |     0.573 |       0.572 |      0.001 |       NA    | Unspecified | NA         |
| Vcco15    |       1.500 |     0.020 |       0.019 |      0.001 |       NA    | Unspecified | NA         |
| Vcco135   |       1.350 |     0.000 |       0.000 |      0.000 |       NA    | Unspecified | NA         |
| Vcco12    |       1.200 |     0.000 |       0.000 |      0.000 |       NA    | Unspecified | NA         |
| Vccaux_io |       1.800 |     0.000 |       0.000 |      0.000 |       NA    | Unspecified | NA         |
| Vccbram   |       1.000 |     0.034 |       0.010 |      0.024 |       NA    | Unspecified | NA         |
| MGTAVcc   |       1.000 |     0.000 |       0.000 |      0.000 |       NA    | Unspecified | NA         |
| MGTAVtt   |       1.200 |     0.000 |       0.000 |      0.000 |       NA    | Unspecified | NA         |
| MGTVccaux |       1.800 |     0.000 |       0.000 |      0.000 |       NA    | Unspecified | NA         |
| Vccadc    |       1.800 |     0.020 |       0.000 |      0.020 |       NA    | Unspecified | NA         |
+-----------+-------------+-----------+-------------+------------+-------------+-------------+------------+


1.3 Confidence Level
--------------------

+-----------------------------+------------+--------------------------------------------------------+--------------------------------------------------------------------------------------------------------------------+
| User Input Data             | Confidence | Details                                                | Action                                                                                                             |
+-----------------------------+------------+--------------------------------------------------------+--------------------------------------------------------------------------------------------------------------------+
| Design implementation state | High       | Design is routed                                       |                                                                                                                    |
| Clock nodes activity        | Low        | User specified less than 75% of clocks                 | Provide missing clock activity with a constraint file, simulation results or by editing the "By Clock Domain" view |
| I/O nodes activity          | Low        | More than 75% of inputs are missing user specification | Provide missing input activity with simulation results or by editing the "By Resource Type -> I/Os" view           |
| Internal nodes activity     | Medium     | User specified less than 25% of internal nodes         | Provide missing internal nodes activity with simulation results or by editing the "By Resource Type" views         |
| Device models               | High       | Device models are Production                           |                                                                                                                    |
|                             |            |                                                        |                                                                                                                    |
| Overall confidence level    | Low        |                                                        |                                                                                                                    |
+-----------------------------+------------+--------------------------------------------------------+--------------------------------------------------------------------------------------------------------------------+


2. Settings
-----------

2.1 Environment
---------------

+-----------------------+--------------------------+
| Ambient Temp (C)      | 25.0                     |
| ThetaJA (C/W)         | 1.9                      |
| Airflow (LFM)         | 250                      |
| Heat Sink             | medium (Medium Profile)  |
| ThetaSA (C/W)         | 3.4                      |
| Board Selection       | medium (10"x10")         |
| # of Board Layers     | 12to15 (12 to 15 Layers) |
| Board Temperature (C) | 25.0                     |
+-----------------------+--------------------------+


2.2 Clock Constraints
---------------------

+-------+--------+-----------------+
| Clock | Domain | Constraint (ns) |
+-------+--------+-----------------+


3. Detailed Reports
-------------------

3.1 By Hierarchy
----------------

+-----------------------------------+-----------+
| Name                              | Power (W) |
+-----------------------------------+-----------+
| platform                          |    36.889 |
|   U1                              |     4.049 |
|     U1                            |     0.340 |
|     U2                            |     3.709 |
|       ALU_U                       |     0.191 |
|       MUX2T1_32_0_U0              |     0.150 |
|       MUX2T1_32_0_U1              |     0.120 |
|       MUX2T1_32_0_U2              |     0.063 |
|       MUX4T1_32_0_U               |     0.525 |
|       PC_U                        |     1.053 |
|       Regs_U                      |     1.245 |
|   U10                             |     1.388 |
|   U11                             |    13.761 |
|     vga_controller                |     1.860 |
|     vga_debugger                  |    11.431 |
|     vga_display                   |     0.470 |
|   U2                              |     2.023 |
|     U0                            |     2.023 |
|       synth_options.dist_mem_inst |     2.023 |
|   U3                              |     0.616 |
|     U0                            |     0.616 |
|       inst_blk_mem_gen            |     0.616 |
|   U4                              |     0.410 |
|   U5                              |     0.646 |
|   U6                              |     1.110 |
|     M2                            |     0.290 |
|     SM1                           |     0.820 |
|       HTS0                        |     0.098 |
|       HTS1                        |     0.092 |
|       HTS2                        |     0.093 |
|       HTS3                        |     0.091 |
|       HTS4                        |     0.098 |
|       HTS5                        |     0.101 |
|       HTS6                        |     0.128 |
|       HTS7                        |     0.118 |
|   U7                              |     0.137 |
|     LED_P2S                       |     0.137 |
|   U8                              |     0.432 |
|   U9                              |     0.118 |
+-----------------------------------+-----------+


